Copyright 1986-2022 Xilinx, Inc. All Rights Reserved. Copyright 2022-2023 Advanced Micro Devices, Inc. All Rights Reserved.
---------------------------------------------------------------------------------------------------------------------------------------------------
| Tool Version : Vivado v.2023.1 (win64) Build 3865809 Sun May  7 15:05:29 MDT 2023
| Date         : Mon Jan 19 15:57:39 2026
| Host         : DESKTOP-LOFULBD running 64-bit major release  (build 9200)
| Command      : report_drc -file parallel_adder_4bit_drc_routed.rpt -pb parallel_adder_4bit_drc_routed.pb -rpx parallel_adder_4bit_drc_routed.rpx
| Design       : parallel_adder_4bit
| Device       : xc7a35ticpg236-1L
| Speed File   : -1L
| Design State : Fully Routed
---------------------------------------------------------------------------------------------------------------------------------------------------

Report DRC

Table of Contents
-----------------
1. REPORT SUMMARY
2. REPORT DETAILS

1. REPORT SUMMARY
-----------------
            Netlist: netlist
          Floorplan: design_1
      Design limits: <entire design considered>
           Ruledeck: default
             Max violations: <unlimited>
             Violations found: 0
+------+----------+-------------+------------+
| Rule | Severity | Description | Violations |
+------+----------+-------------+------------+
+------+----------+-------------+------------+

2. REPORT DETAILS
-----------------

